{"D:\\CompanyTask\\aadrila-landing-page\\src\\App.tsx": {"path":"D:\\CompanyTask\\aadrila-landing-page\\src\\App.tsx","statementMap":{"0":{"start":{"line":12,"column":38},"end":{"line":12,"column":52}},"1":{"start":{"line":13,"column":46},"end":{"line":13,"column":61}},"2":{"start":{"line":15,"column":31},"end":{"line":19,"column":8}},"3":{"start":{"line":16,"column":4},"end":{"line":16,"column":25}},"4":{"start":{"line":18,"column":4},"end":{"line":18,"column":51}},"5":{"start":{"line":18,"column":21},"end":{"line":18,"column":44}},"6":{"start":{"line":21,"column":2},"end":{"line":44,"column":4}}},"fnMap":{"0":{"name":"App","decl":{"start":{"line":11,"column":9},"end":{"line":11,"column":12}},"loc":{"start":{"line":11,"column":15},"end":{"line":45,"column":1}},"line":11},"1":{"name":"(anonymous_1)","decl":{"start":{"line":15,"column":43},"end":{"line":15,"column":44}},"loc":{"start":{"line":15,"column":49},"end":{"line":19,"column":3}},"line":15},"2":{"name":"(anonymous_2)","decl":{"start":{"line":18,"column":15},"end":{"line":18,"column":16}},"loc":{"start":{"line":18,"column":21},"end":{"line":18,"column":44}},"line":18}},"branchMap":{"0":{"loc":{"start":{"line":26,"column":13},"end":{"line":26,"column":77}},"type":"binary-expr","locations":[{"start":{"line":26,"column":13},"end":{"line":26,"column":23}},{"start":{"line":26,"column":27},"end":{"line":26,"column":77}}],"line":26},"1":{"loc":{"start":{"line":29,"column":16},"end":{"line":29,"column":60}},"type":"cond-expr","locations":[{"start":{"line":29,"column":33},"end":{"line":29,"column":46}},{"start":{"line":29,"column":49},"end":{"line":29,"column":60}}],"line":29}},"s":{"0":0,"1":0,"2":0,"3":0,"4":0,"5":0,"6":0},"f":{"0":0,"1":0,"2":0},"b":{"0":[0,0],"1":[0,0]}}
,"D:\\CompanyTask\\aadrila-landing-page\\src\\components\\common\\SectionHeading.tsx": {"path":"D:\\CompanyTask\\aadrila-landing-page\\src\\components\\common\\SectionHeading.tsx","statementMap":{"0":{"start":{"line":5,"column":0},"end":{"line":5,"column":35}},"1":{"start":{"line":15,"column":23},"end":{"line":88,"column":1}},"2":{"start":{"line":16,"column":23},"end":{"line":16,"column":51}},"3":{"start":{"line":17,"column":21},"end":{"line":17,"column":55}},"4":{"start":{"line":18,"column":21},"end":{"line":18,"column":53}},"5":{"start":{"line":20,"column":2},"end":{"line":63,"column":31}},"6":{"start":{"line":21,"column":16},"end":{"line":60,"column":20}},"7":{"start":{"line":23,"column":27},"end":{"line":23,"column":81}},"8":{"start":{"line":24,"column":28},"end":{"line":24,"column":82}},"9":{"start":{"line":26,"column":6},"end":{"line":41,"column":8}},"10":{"start":{"line":43,"column":6},"end":{"line":59,"column":8}},"11":{"start":{"line":62,"column":4},"end":{"line":62,"column":30}},"12":{"start":{"line":62,"column":17},"end":{"line":62,"column":29}},"13":{"start":{"line":65,"column":2},"end":{"line":87,"column":4}}},"fnMap":{"0":{"name":"(anonymous_0)","decl":{"start":{"line":15,"column":23},"end":{"line":15,"column":24}},"loc":{"start":{"line":15,"column":126},"end":{"line":88,"column":1}},"line":15},"1":{"name":"(anonymous_1)","decl":{"start":{"line":20,"column":12},"end":{"line":20,"column":13}},"loc":{"start":{"line":20,"column":18},"end":{"line":63,"column":3}},"line":20},"2":{"name":"(anonymous_2)","decl":{"start":{"line":21,"column":29},"end":{"line":21,"column":30}},"loc":{"start":{"line":21,"column":35},"end":{"line":60,"column":5}},"line":21},"3":{"name":"(anonymous_3)","decl":{"start":{"line":62,"column":11},"end":{"line":62,"column":12}},"loc":{"start":{"line":62,"column":17},"end":{"line":62,"column":29}},"line":62}},"branchMap":{"0":{"loc":{"start":{"line":15,"column":44},"end":{"line":15,"column":60}},"type":"default-arg","locations":[{"start":{"line":15,"column":55},"end":{"line":15,"column":60}}],"line":15},"1":{"loc":{"start":{"line":15,"column":62},"end":{"line":15,"column":82}},"type":"default-arg","locations":[{"start":{"line":15,"column":77},"end":{"line":15,"column":82}}],"line":15},"2":{"loc":{"start":{"line":15,"column":84},"end":{"line":15,"column":98}},"type":"default-arg","locations":[{"start":{"line":15,"column":96},"end":{"line":15,"column":98}}],"line":15},"3":{"loc":{"start":{"line":23,"column":27},"end":{"line":23,"column":81}},"type":"cond-expr","locations":[{"start":{"line":23,"column":42},"end":{"line":23,"column":60}},{"start":{"line":23,"column":63},"end":{"line":23,"column":81}}],"line":23},"4":{"loc":{"start":{"line":24,"column":28},"end":{"line":24,"column":82}},"type":"cond-expr","locations":[{"start":{"line":24,"column":43},"end":{"line":24,"column":61}},{"start":{"line":24,"column":64},"end":{"line":24,"column":82}}],"line":24},"5":{"loc":{"start":{"line":28,"column":13},"end":{"line":28,"column":31}},"type":"cond-expr","locations":[{"start":{"line":28,"column":24},"end":{"line":28,"column":25}},{"start":{"line":28,"column":28},"end":{"line":28,"column":31}}],"line":28},"6":{"loc":{"start":{"line":28,"column":36},"end":{"line":28,"column":53}},"type":"cond-expr","locations":[{"start":{"line":28,"column":47},"end":{"line":28,"column":49}},{"start":{"line":28,"column":52},"end":{"line":28,"column":53}}],"line":28},"7":{"loc":{"start":{"line":45,"column":13},"end":{"line":45,"column":32}},"type":"cond-expr","locations":[{"start":{"line":45,"column":24},"end":{"line":45,"column":25}},{"start":{"line":45,"column":28},"end":{"line":45,"column":32}}],"line":45},"8":{"loc":{"start":{"line":45,"column":37},"end":{"line":45,"column":54}},"type":"cond-expr","locations":[{"start":{"line":45,"column":48},"end":{"line":45,"column":50}},{"start":{"line":45,"column":53},"end":{"line":45,"column":54}}],"line":45},"9":{"loc":{"start":{"line":66,"column":42},"end":{"line":66,"column":71}},"type":"cond-expr","locations":[{"start":{"line":66,"column":53},"end":{"line":66,"column":66}},{"start":{"line":66,"column":69},"end":{"line":66,"column":71}}],"line":66},"10":{"loc":{"start":{"line":67,"column":7},"end":{"line":85,"column":7}},"type":"cond-expr","locations":[{"start":{"line":68,"column":8},"end":{"line":75,"column":11}},{"start":{"line":77,"column":8},"end":{"line":84,"column":11}}],"line":67}},"s":{"0":0,"1":0,"2":0,"3":0,"4":0,"5":0,"6":0,"7":0,"8":0,"9":0,"10":0,"11":0,"12":0,"13":0},"f":{"0":0,"1":0,"2":0,"3":0},"b":{"0":[0],"1":[0],"2":[0],"3":[0,0],"4":[0,0],"5":[0,0],"6":[0,0],"7":[0,0],"8":[0,0],"9":[0,0],"10":[0,0]}}
,"D:\\CompanyTask\\aadrila-landing-page\\src\\components\\common\\SplashScreen.tsx": {"path":"D:\\CompanyTask\\aadrila-landing-page\\src\\components\\common\\SplashScreen.tsx","statementMap":{"0":{"start":{"line":7,"column":21},"end":{"line":74,"column":1}},"1":{"start":{"line":8,"column":28},"end":{"line":8,"column":90}},"2":{"start":{"line":10,"column":2},"end":{"line":29,"column":19}},"3":{"start":{"line":11,"column":29},"end":{"line":11,"column":31}},"4":{"start":{"line":14,"column":4},"end":{"line":14,"column":58}},"5":{"start":{"line":14,"column":33},"end":{"line":14,"column":50}},"6":{"start":{"line":17,"column":4},"end":{"line":17,"column":58}},"7":{"start":{"line":17,"column":33},"end":{"line":17,"column":49}},"8":{"start":{"line":20,"column":4},"end":{"line":20,"column":59}},"9":{"start":{"line":20,"column":33},"end":{"line":20,"column":50}},"10":{"start":{"line":23,"column":4},"end":{"line":26,"column":14}},"11":{"start":{"line":24,"column":6},"end":{"line":24,"column":23}},"12":{"start":{"line":25,"column":6},"end":{"line":25,"column":19}},"13":{"start":{"line":28,"column":4},"end":{"line":28,"column":46}},"14":{"start":{"line":28,"column":17},"end":{"line":28,"column":45}},"15":{"start":{"line":31,"column":2},"end":{"line":73,"column":4}}},"fnMap":{"0":{"name":"(anonymous_0)","decl":{"start":{"line":7,"column":21},"end":{"line":7,"column":22}},"loc":{"start":{"line":7,"column":60},"end":{"line":74,"column":1}},"line":7},"1":{"name":"(anonymous_1)","decl":{"start":{"line":10,"column":12},"end":{"line":10,"column":13}},"loc":{"start":{"line":10,"column":18},"end":{"line":29,"column":3}},"line":10},"2":{"name":"(anonymous_2)","decl":{"start":{"line":14,"column":27},"end":{"line":14,"column":28}},"loc":{"start":{"line":14,"column":33},"end":{"line":14,"column":50}},"line":14},"3":{"name":"(anonymous_3)","decl":{"start":{"line":17,"column":27},"end":{"line":17,"column":28}},"loc":{"start":{"line":17,"column":33},"end":{"line":17,"column":49}},"line":17},"4":{"name":"(anonymous_4)","decl":{"start":{"line":20,"column":27},"end":{"line":20,"column":28}},"loc":{"start":{"line":20,"column":33},"end":{"line":20,"column":50}},"line":20},"5":{"name":"(anonymous_5)","decl":{"start":{"line":23,"column":27},"end":{"line":23,"column":28}},"loc":{"start":{"line":23,"column":33},"end":{"line":26,"column":5}},"line":23},"6":{"name":"(anonymous_6)","decl":{"start":{"line":28,"column":11},"end":{"line":28,"column":12}},"loc":{"start":{"line":28,"column":17},"end":{"line":28,"column":45}},"line":28}},"branchMap":{"0":{"loc":{"start":{"line":34,"column":8},"end":{"line":34,"column":74}},"type":"cond-expr","locations":[{"start":{"line":34,"column":27},"end":{"line":34,"column":58}},{"start":{"line":34,"column":61},"end":{"line":34,"column":74}}],"line":34},"1":{"loc":{"start":{"line":41,"column":10},"end":{"line":43,"column":53}},"type":"cond-expr","locations":[{"start":{"line":42,"column":14},"end":{"line":42,"column":64}},{"start":{"line":43,"column":14},"end":{"line":43,"column":53}}],"line":41},"2":{"loc":{"start":{"line":49,"column":12},"end":{"line":51,"column":48}},"type":"cond-expr","locations":[{"start":{"line":50,"column":16},"end":{"line":50,"column":46}},{"start":{"line":51,"column":16},"end":{"line":51,"column":48}}],"line":49},"3":{"loc":{"start":{"line":52,"column":14},"end":{"line":52,"column":73}},"type":"cond-expr","locations":[{"start":{"line":52,"column":34},"end":{"line":52,"column":43}},{"start":{"line":52,"column":46},"end":{"line":52,"column":73}}],"line":52},"4":{"loc":{"start":{"line":60,"column":12},"end":{"line":62,"column":35}},"type":"cond-expr","locations":[{"start":{"line":61,"column":16},"end":{"line":61,"column":43}},{"start":{"line":62,"column":16},"end":{"line":62,"column":35}}],"line":60},"5":{"loc":{"start":{"line":60,"column":12},"end":{"line":60,"column":49}},"type":"binary-expr","locations":[{"start":{"line":60,"column":12},"end":{"line":60,"column":28}},{"start":{"line":60,"column":32},"end":{"line":60,"column":49}}],"line":60}},"s":{"0":0,"1":0,"2":0,"3":0,"4":0,"5":0,"6":0,"7":0,"8":0,"9":0,"10":0,"11":0,"12":0,"13":0,"14":0,"15":0},"f":{"0":0,"1":0,"2":0,"3":0,"4":0,"5":0,"6":0},"b":{"0":[0,0],"1":[0,0],"2":[0,0],"3":[0,0],"4":[0,0],"5":[0,0]}}
,"D:\\CompanyTask\\aadrila-landing-page\\src\\components\\common\\ThemeProvider.tsx": {"path":"D:\\CompanyTask\\aadrila-landing-page\\src\\components\\common\\ThemeProvider.tsx","statementMap":{"0":{"start":{"line":7,"column":59},"end":{"line":9,"column":1}},"1":{"start":{"line":8,"column":2},"end":{"line":8,"column":25}}},"fnMap":{"0":{"name":"(anonymous_0)","decl":{"start":{"line":7,"column":59},"end":{"line":7,"column":60}},"loc":{"start":{"line":7,"column":77},"end":{"line":9,"column":1}},"line":7}},"branchMap":{},"s":{"0":0,"1":0},"f":{"0":0},"b":{}}
,"D:\\CompanyTask\\aadrila-landing-page\\src\\components\\common\\ThemedButton.tsx": {"path":"D:\\CompanyTask\\aadrila-landing-page\\src\\components\\common\\ThemedButton.tsx","statementMap":{"0":{"start":{"line":12,"column":57},"end":{"line":41,"column":1}},"1":{"start":{"line":20,"column":27},"end":{"line":29,"column":3}},"2":{"start":{"line":21,"column":4},"end":{"line":28,"column":5}},"3":{"start":{"line":23,"column":8},"end":{"line":23,"column":243}},"4":{"start":{"line":25,"column":8},"end":{"line":25,"column":223}},"5":{"start":{"line":27,"column":8},"end":{"line":27,"column":195}},"6":{"start":{"line":31,"column":2},"end":{"line":40,"column":4}}},"fnMap":{"0":{"name":"(anonymous_0)","decl":{"start":{"line":12,"column":57},"end":{"line":12,"column":58}},"loc":{"start":{"line":19,"column":6},"end":{"line":41,"column":1}},"line":19},"1":{"name":"(anonymous_1)","decl":{"start":{"line":20,"column":27},"end":{"line":20,"column":28}},"loc":{"start":{"line":20,"column":33},"end":{"line":29,"column":3}},"line":20}},"branchMap":{"0":{"loc":{"start":{"line":13,"column":2},"end":{"line":13,"column":21}},"type":"default-arg","locations":[{"start":{"line":13,"column":12},"end":{"line":13,"column":21}}],"line":13},"1":{"loc":{"start":{"line":14,"column":2},"end":{"line":14,"column":16}},"type":"default-arg","locations":[{"start":{"line":14,"column":14},"end":{"line":14,"column":16}}],"line":14},"2":{"loc":{"start":{"line":17,"column":2},"end":{"line":17,"column":18}},"type":"default-arg","locations":[{"start":{"line":17,"column":13},"end":{"line":17,"column":18}}],"line":17},"3":{"loc":{"start":{"line":18,"column":2},"end":{"line":18,"column":17}},"type":"default-arg","locations":[{"start":{"line":18,"column":9},"end":{"line":18,"column":17}}],"line":18},"4":{"loc":{"start":{"line":21,"column":4},"end":{"line":28,"column":5}},"type":"switch","locations":[{"start":{"line":22,"column":6},"end":{"line":23,"column":243}},{"start":{"line":24,"column":6},"end":{"line":25,"column":223}},{"start":{"line":26,"column":6},"end":{"line":27,"column":195}}],"line":21},"5":{"loc":{"start":{"line":23,"column":180},"end":{"line":23,"column":227}},"type":"cond-expr","locations":[{"start":{"line":23,"column":191},"end":{"line":23,"column":222}},{"start":{"line":23,"column":225},"end":{"line":23,"column":227}}],"line":23},"6":{"loc":{"start":{"line":25,"column":160},"end":{"line":25,"column":207}},"type":"cond-expr","locations":[{"start":{"line":25,"column":171},"end":{"line":25,"column":202}},{"start":{"line":25,"column":205},"end":{"line":25,"column":207}}],"line":25},"7":{"loc":{"start":{"line":27,"column":132},"end":{"line":27,"column":179}},"type":"cond-expr","locations":[{"start":{"line":27,"column":143},"end":{"line":27,"column":174}},{"start":{"line":27,"column":177},"end":{"line":27,"column":179}}],"line":27}},"s":{"0":0,"1":0,"2":0,"3":0,"4":0,"5":0,"6":0},"f":{"0":0,"1":0},"b":{"0":[0],"1":[0],"2":[0],"3":[0],"4":[0,0,0],"5":[0,0],"6":[0,0],"7":[0,0]}}
,"D:\\CompanyTask\\aadrila-landing-page\\src\\components\\common\\ThemedText.tsx": {"path":"D:\\CompanyTask\\aadrila-landing-page\\src\\components\\common\\ThemedText.tsx","statementMap":{"0":{"start":{"line":10,"column":53},"end":{"line":44,"column":1}},"1":{"start":{"line":16,"column":27},"end":{"line":28,"column":3}},"2":{"start":{"line":17,"column":4},"end":{"line":27,"column":5}},"3":{"start":{"line":19,"column":8},"end":{"line":19,"column":69}},"4":{"start":{"line":21,"column":8},"end":{"line":21,"column":68}},"5":{"start":{"line":23,"column":8},"end":{"line":23,"column":69}},"6":{"start":{"line":26,"column":8},"end":{"line":26,"column":53}},"7":{"start":{"line":30,"column":23},"end":{"line":39,"column":12}},"8":{"start":{"line":41,"column":14},"end":{"line":41,"column":37}},"9":{"start":{"line":43,"column":2},"end":{"line":43,"column":62}}},"fnMap":{"0":{"name":"(anonymous_0)","decl":{"start":{"line":10,"column":53},"end":{"line":10,"column":54}},"loc":{"start":{"line":15,"column":6},"end":{"line":44,"column":1}},"line":15},"1":{"name":"(anonymous_1)","decl":{"start":{"line":16,"column":27},"end":{"line":16,"column":28}},"loc":{"start":{"line":16,"column":33},"end":{"line":28,"column":3}},"line":16}},"branchMap":{"0":{"loc":{"start":{"line":11,"column":2},"end":{"line":11,"column":18}},"type":"default-arg","locations":[{"start":{"line":11,"column":12},"end":{"line":11,"column":18}}],"line":11},"1":{"loc":{"start":{"line":12,"column":2},"end":{"line":12,"column":16}},"type":"default-arg","locations":[{"start":{"line":12,"column":14},"end":{"line":12,"column":16}}],"line":12},"2":{"loc":{"start":{"line":14,"column":6},"end":{"line":14,"column":21}},"type":"default-arg","locations":[{"start":{"line":14,"column":18},"end":{"line":14,"column":21}}],"line":14},"3":{"loc":{"start":{"line":17,"column":4},"end":{"line":27,"column":5}},"type":"switch","locations":[{"start":{"line":18,"column":6},"end":{"line":19,"column":69}},{"start":{"line":20,"column":6},"end":{"line":21,"column":68}},{"start":{"line":22,"column":6},"end":{"line":23,"column":69}},{"start":{"line":24,"column":6},"end":{"line":24,"column":18}},{"start":{"line":25,"column":6},"end":{"line":26,"column":53}}],"line":17}},"s":{"0":0,"1":0,"2":0,"3":0,"4":0,"5":0,"6":0,"7":0,"8":0,"9":0},"f":{"0":0,"1":0},"b":{"0":[0],"1":[0],"2":[0],"3":[0,0,0,0,0]}}
,"D:\\CompanyTask\\aadrila-landing-page\\src\\components\\layout\\ContactSection.tsx": {"path":"D:\\CompanyTask\\aadrila-landing-page\\src\\components\\layout\\ContactSection.tsx","statementMap":{"0":{"start":{"line":7,"column":0},"end":{"line":7,"column":35}},"1":{"start":{"line":9,"column":23},"end":{"line":220,"column":1}},"2":{"start":{"line":10,"column":21},"end":{"line":10,"column":46}},"3":{"start":{"line":11,"column":21},"end":{"line":11,"column":49}},"4":{"start":{"line":12,"column":18},"end":{"line":12,"column":46}},"5":{"start":{"line":14,"column":34},"end":{"line":21,"column":4}},"6":{"start":{"line":23,"column":2},"end":{"line":60,"column":9}},"7":{"start":{"line":24,"column":16},"end":{"line":57,"column":18}},"8":{"start":{"line":25,"column":6},"end":{"line":39,"column":8}},"9":{"start":{"line":41,"column":6},"end":{"line":56,"column":8}},"10":{"start":{"line":59,"column":4},"end":{"line":59,"column":30}},"11":{"start":{"line":59,"column":17},"end":{"line":59,"column":29}},"12":{"start":{"line":62,"column":23},"end":{"line":65,"column":3}},"13":{"start":{"line":63,"column":4},"end":{"line":63,"column":23}},"14":{"start":{"line":64,"column":4},"end":{"line":64,"column":45}},"15":{"start":{"line":67,"column":23},"end":{"line":72,"column":3}},"16":{"start":{"line":68,"column":4},"end":{"line":71,"column":8}},"17":{"start":{"line":68,"column":27},"end":{"line":71,"column":5}},"18":{"start":{"line":74,"column":2},"end":{"line":219,"column":4}}},"fnMap":{"0":{"name":"(anonymous_0)","decl":{"start":{"line":9,"column":23},"end":{"line":9,"column":24}},"loc":{"start":{"line":9,"column":29},"end":{"line":220,"column":1}},"line":9},"1":{"name":"(anonymous_1)","decl":{"start":{"line":23,"column":12},"end":{"line":23,"column":13}},"loc":{"start":{"line":23,"column":18},"end":{"line":60,"column":3}},"line":23},"2":{"name":"(anonymous_2)","decl":{"start":{"line":24,"column":29},"end":{"line":24,"column":30}},"loc":{"start":{"line":24,"column":35},"end":{"line":57,"column":5}},"line":24},"3":{"name":"(anonymous_3)","decl":{"start":{"line":59,"column":11},"end":{"line":59,"column":12}},"loc":{"start":{"line":59,"column":17},"end":{"line":59,"column":29}},"line":59},"4":{"name":"(anonymous_4)","decl":{"start":{"line":62,"column":23},"end":{"line":62,"column":24}},"loc":{"start":{"line":62,"column":47},"end":{"line":65,"column":3}},"line":62},"5":{"name":"(anonymous_5)","decl":{"start":{"line":67,"column":23},"end":{"line":67,"column":24}},"loc":{"start":{"line":67,"column":109},"end":{"line":72,"column":3}},"line":67},"6":{"name":"(anonymous_6)","decl":{"start":{"line":68,"column":16},"end":{"line":68,"column":17}},"loc":{"start":{"line":68,"column":27},"end":{"line":71,"column":5}},"line":68}},"branchMap":{},"s":{"0":0,"1":0,"2":0,"3":0,"4":0,"5":0,"6":0,"7":0,"8":0,"9":0,"10":0,"11":0,"12":0,"13":0,"14":0,"15":0,"16":0,"17":0,"18":0},"f":{"0":0,"1":0,"2":0,"3":0,"4":0,"5":0,"6":0},"b":{}}
,"D:\\CompanyTask\\aadrila-landing-page\\src\\components\\layout\\Footer.tsx": {"path":"D:\\CompanyTask\\aadrila-landing-page\\src\\components\\layout\\Footer.tsx","statementMap":{"0":{"start":{"line":3,"column":15},"end":{"line":23,"column":1}},"1":{"start":{"line":4,"column":2},"end":{"line":22,"column":4}}},"fnMap":{"0":{"name":"(anonymous_0)","decl":{"start":{"line":3,"column":15},"end":{"line":3,"column":16}},"loc":{"start":{"line":3,"column":21},"end":{"line":23,"column":1}},"line":3}},"branchMap":{},"s":{"0":0,"1":0},"f":{"0":0},"b":{}}
,"D:\\CompanyTask\\aadrila-landing-page\\src\\components\\layout\\MainLayout.tsx": {"path":"D:\\CompanyTask\\aadrila-landing-page\\src\\components\\layout\\MainLayout.tsx","statementMap":{"0":{"start":{"line":6,"column":19},"end":{"line":17,"column":1}},"1":{"start":{"line":7,"column":2},"end":{"line":16,"column":4}}},"fnMap":{"0":{"name":"(anonymous_0)","decl":{"start":{"line":6,"column":19},"end":{"line":6,"column":20}},"loc":{"start":{"line":6,"column":25},"end":{"line":17,"column":1}},"line":6}},"branchMap":{},"s":{"0":0,"1":0},"f":{"0":0},"b":{}}
,"D:\\CompanyTask\\aadrila-landing-page\\src\\components\\layout\\Navbar.tsx": {"path":"D:\\CompanyTask\\aadrila-landing-page\\src\\components\\layout\\Navbar.tsx","statementMap":{"0":{"start":{"line":11,"column":29},"end":{"line":18,"column":1}},"1":{"start":{"line":20,"column":20},"end":{"line":20,"column":26}},"2":{"start":{"line":22,"column":25},"end":{"line":204,"column":1}},"3":{"start":{"line":23,"column":38},"end":{"line":23,"column":53}},"4":{"start":{"line":25,"column":38},"end":{"line":25,"column":59}},"5":{"start":{"line":26,"column":24},"end":{"line":26,"column":52}},"6":{"start":{"line":27,"column":19},"end":{"line":27,"column":32}},"7":{"start":{"line":29,"column":2},"end":{"line":34,"column":18}},"8":{"start":{"line":30,"column":4},"end":{"line":30,"column":66}},"9":{"start":{"line":31,"column":4},"end":{"line":33,"column":5}},"10":{"start":{"line":32,"column":6},"end":{"line":32,"column":44}},"11":{"start":{"line":36,"column":25},"end":{"line":39,"column":3}},"12":{"start":{"line":37,"column":4},"end":{"line":37,"column":29}},"13":{"start":{"line":38,"column":4},"end":{"line":38,"column":24}},"14":{"start":{"line":41,"column":28},"end":{"line":58,"column":3}},"15":{"start":{"line":42,"column":4},"end":{"line":42,"column":22}},"16":{"start":{"line":43,"column":4},"end":{"line":43,"column":29}},"17":{"start":{"line":44,"column":4},"end":{"line":44,"column":24}},"18":{"start":{"line":47,"column":4},"end":{"line":57,"column":5}},"19":{"start":{"line":49,"column":6},"end":{"line":49,"column":45}},"20":{"start":{"line":52,"column":23},"end":{"line":52,"column":49}},"21":{"start":{"line":53,"column":22},"end":{"line":53,"column":55}},"22":{"start":{"line":54,"column":6},"end":{"line":56,"column":7}},"23":{"start":{"line":55,"column":8},"end":{"line":55,"column":70}},"24":{"start":{"line":60,"column":29},"end":{"line":62,"column":3}},"25":{"start":{"line":61,"column":4},"end":{"line":61,"column":44}},"26":{"start":{"line":64,"column":2},"end":{"line":85,"column":37}},"27":{"start":{"line":65,"column":29},"end":{"line":81,"column":5}},"28":{"start":{"line":66,"column":6},"end":{"line":71,"column":7}},"29":{"start":{"line":67,"column":8},"end":{"line":69,"column":9}},"30":{"start":{"line":68,"column":10},"end":{"line":68,"column":35}},"31":{"start":{"line":70,"column":8},"end":{"line":70,"column":14}},"32":{"start":{"line":73,"column":6},"end":{"line":80,"column":7}},"33":{"start":{"line":74,"column":28},"end":{"line":74,"column":79}},"34":{"start":{"line":74,"column":53},"end":{"line":74,"column":78}},"35":{"start":{"line":75,"column":8},"end":{"line":79,"column":9}},"36":{"start":{"line":76,"column":10},"end":{"line":78,"column":11}},"37":{"start":{"line":77,"column":12},"end":{"line":77,"column":33}},"38":{"start":{"line":83,"column":22},"end":{"line":83,"column":53}},"39":{"start":{"line":84,"column":4},"end":{"line":84,"column":40}},"40":{"start":{"line":84,"column":17},"end":{"line":84,"column":40}},"41":{"start":{"line":87,"column":2},"end":{"line":203,"column":3}},"42":{"start":{"line":115,"column":31},"end":{"line":115,"column":56}},"43":{"start":{"line":116,"column":34},"end":{"line":118,"column":60}},"44":{"start":{"line":120,"column":14},"end":{"line":142,"column":15}},"45":{"start":{"line":125,"column":37},"end":{"line":125,"column":57}},"46":{"start":{"line":134,"column":38},"end":{"line":134,"column":64}},"47":{"start":{"line":163,"column":29},"end":{"line":163,"column":54}},"48":{"start":{"line":164,"column":34},"end":{"line":168,"column":14}},"49":{"start":{"line":170,"column":12},"end":{"line":182,"column":13}},"50":{"start":{"line":171,"column":14},"end":{"line":181,"column":15}},"51":{"start":{"line":175,"column":33},"end":{"line":175,"column":53}},"52":{"start":{"line":184,"column":12},"end":{"line":194,"column":13}},"53":{"start":{"line":188,"column":32},"end":{"line":188,"column":58}}},"fnMap":{"0":{"name":"(anonymous_0)","decl":{"start":{"line":22,"column":25},"end":{"line":22,"column":26}},"loc":{"start":{"line":22,"column":31},"end":{"line":204,"column":1}},"line":22},"1":{"name":"(anonymous_1)","decl":{"start":{"line":29,"column":12},"end":{"line":29,"column":13}},"loc":{"start":{"line":29,"column":18},"end":{"line":34,"column":3}},"line":29},"2":{"name":"(anonymous_2)","decl":{"start":{"line":31,"column":11},"end":{"line":31,"column":12}},"loc":{"start":{"line":31,"column":17},"end":{"line":33,"column":5}},"line":31},"3":{"name":"(anonymous_3)","decl":{"start":{"line":36,"column":25},"end":{"line":36,"column":26}},"loc":{"start":{"line":36,"column":44},"end":{"line":39,"column":3}},"line":36},"4":{"name":"(anonymous_4)","decl":{"start":{"line":41,"column":28},"end":{"line":41,"column":29}},"loc":{"start":{"line":41,"column":87},"end":{"line":58,"column":3}},"line":41},"5":{"name":"(anonymous_5)","decl":{"start":{"line":60,"column":29},"end":{"line":60,"column":30}},"loc":{"start":{"line":60,"column":35},"end":{"line":62,"column":3}},"line":60},"6":{"name":"(anonymous_6)","decl":{"start":{"line":64,"column":12},"end":{"line":64,"column":13}},"loc":{"start":{"line":64,"column":18},"end":{"line":85,"column":3}},"line":64},"7":{"name":"(anonymous_7)","decl":{"start":{"line":65,"column":29},"end":{"line":65,"column":30}},"loc":{"start":{"line":65,"column":35},"end":{"line":81,"column":5}},"line":65},"8":{"name":"(anonymous_8)","decl":{"start":{"line":74,"column":43},"end":{"line":74,"column":44}},"loc":{"start":{"line":74,"column":53},"end":{"line":74,"column":78}},"line":74},"9":{"name":"(anonymous_9)","decl":{"start":{"line":84,"column":11},"end":{"line":84,"column":12}},"loc":{"start":{"line":84,"column":17},"end":{"line":84,"column":40}},"line":84},"10":{"name":"(anonymous_10)","decl":{"start":{"line":114,"column":27},"end":{"line":114,"column":28}},"loc":{"start":{"line":114,"column":37},"end":{"line":143,"column":13}},"line":114},"11":{"name":"(anonymous_11)","decl":{"start":{"line":125,"column":31},"end":{"line":125,"column":32}},"loc":{"start":{"line":125,"column":37},"end":{"line":125,"column":57}},"line":125},"12":{"name":"(anonymous_12)","decl":{"start":{"line":134,"column":31},"end":{"line":134,"column":32}},"loc":{"start":{"line":134,"column":38},"end":{"line":134,"column":64}},"line":134},"13":{"name":"(anonymous_13)","decl":{"start":{"line":162,"column":25},"end":{"line":162,"column":26}},"loc":{"start":{"line":162,"column":35},"end":{"line":195,"column":11}},"line":162},"14":{"name":"(anonymous_14)","decl":{"start":{"line":175,"column":27},"end":{"line":175,"column":28}},"loc":{"start":{"line":175,"column":33},"end":{"line":175,"column":53}},"line":175},"15":{"name":"(anonymous_15)","decl":{"start":{"line":188,"column":25},"end":{"line":188,"column":26}},"loc":{"start":{"line":188,"column":32},"end":{"line":188,"column":58}},"line":188}},"branchMap":{"0":{"loc":{"start":{"line":30,"column":35},"end":{"line":30,"column":66}},"type":"cond-expr","locations":[{"start":{"line":30,"column":48},"end":{"line":30,"column":56}},{"start":{"line":30,"column":59},"end":{"line":30,"column":66}}],"line":30},"1":{"loc":{"start":{"line":47,"column":4},"end":{"line":57,"column":5}},"type":"if","locations":[{"start":{"line":47,"column":4},"end":{"line":57,"column":5}},{"start":{"line":50,"column":11},"end":{"line":57,"column":5}}],"line":47},"2":{"loc":{"start":{"line":54,"column":6},"end":{"line":56,"column":7}},"type":"if","locations":[{"start":{"line":54,"column":6},"end":{"line":56,"column":7}},{"start":{},"end":{}}],"line":54},"3":{"loc":{"start":{"line":66,"column":6},"end":{"line":71,"column":7}},"type":"if","locations":[{"start":{"line":66,"column":6},"end":{"line":71,"column":7}},{"start":{},"end":{}}],"line":66},"4":{"loc":{"start":{"line":67,"column":8},"end":{"line":69,"column":9}},"type":"if","locations":[{"start":{"line":67,"column":8},"end":{"line":69,"column":9}},{"start":{},"end":{}}],"line":67},"5":{"loc":{"start":{"line":73,"column":6},"end":{"line":80,"column":7}},"type":"if","locations":[{"start":{"line":73,"column":6},"end":{"line":80,"column":7}},{"start":{},"end":{}}],"line":73},"6":{"loc":{"start":{"line":75,"column":8},"end":{"line":79,"column":9}},"type":"if","locations":[{"start":{"line":75,"column":8},"end":{"line":79,"column":9}},{"start":{},"end":{}}],"line":75},"7":{"loc":{"start":{"line":75,"column":12},"end":{"line":75,"column":56}},"type":"binary-expr","locations":[{"start":{"line":75,"column":12},"end":{"line":75,"column":24}},{"start":{"line":75,"column":28},"end":{"line":75,"column":56}}],"line":75},"8":{"loc":{"start":{"line":76,"column":10},"end":{"line":78,"column":11}},"type":"if","locations":[{"start":{"line":76,"column":10},"end":{"line":78,"column":11}},{"start":{},"end":{}}],"line":76},"9":{"loc":{"start":{"line":117,"column":16},"end":{"line":117,"column":70}},"type":"cond-expr","locations":[{"start":{"line":117,"column":27},"end":{"line":117,"column":44}},{"start":{"line":117,"column":47},"end":{"line":117,"column":70}}],"line":117},"10":{"loc":{"start":{"line":118,"column":18},"end":{"line":118,"column":58}},"type":"cond-expr","locations":[{"start":{"line":118,"column":29},"end":{"line":118,"column":42}},{"start":{"line":118,"column":45},"end":{"line":118,"column":58}}],"line":118},"11":{"loc":{"start":{"line":122,"column":19},"end":{"line":140,"column":19}},"type":"cond-expr","locations":[{"start":{"line":123,"column":20},"end":{"line":130,"column":27}},{"start":{"line":132,"column":20},"end":{"line":139,"column":24}}],"line":122},"12":{"loc":{"start":{"line":127,"column":36},"end":{"line":127,"column":65}},"type":"cond-expr","locations":[{"start":{"line":127,"column":47},"end":{"line":127,"column":53}},{"start":{"line":127,"column":56},"end":{"line":127,"column":65}}],"line":127},"13":{"loc":{"start":{"line":136,"column":36},"end":{"line":136,"column":65}},"type":"cond-expr","locations":[{"start":{"line":136,"column":47},"end":{"line":136,"column":53}},{"start":{"line":136,"column":56},"end":{"line":136,"column":65}}],"line":136},"14":{"loc":{"start":{"line":158,"column":10},"end":{"line":158,"column":67}},"type":"cond-expr","locations":[{"start":{"line":158,"column":23},"end":{"line":158,"column":45}},{"start":{"line":158,"column":48},"end":{"line":158,"column":67}}],"line":158},"15":{"loc":{"start":{"line":165,"column":14},"end":{"line":167,"column":63}},"type":"cond-expr","locations":[{"start":{"line":166,"column":18},"end":{"line":166,"column":52}},{"start":{"line":167,"column":18},"end":{"line":167,"column":63}}],"line":165},"16":{"loc":{"start":{"line":170,"column":12},"end":{"line":182,"column":13}},"type":"if","locations":[{"start":{"line":170,"column":12},"end":{"line":182,"column":13}},{"start":{},"end":{}}],"line":170},"17":{"loc":{"start":{"line":177,"column":32},"end":{"line":177,"column":61}},"type":"cond-expr","locations":[{"start":{"line":177,"column":43},"end":{"line":177,"column":49}},{"start":{"line":177,"column":52},"end":{"line":177,"column":61}}],"line":177},"18":{"loc":{"start":{"line":190,"column":30},"end":{"line":190,"column":59}},"type":"cond-expr","locations":[{"start":{"line":190,"column":41},"end":{"line":190,"column":47}},{"start":{"line":190,"column":50},"end":{"line":190,"column":59}}],"line":190}},"s":{"0":0,"1":0,"2":0,"3":0,"4":0,"5":0,"6":0,"7":0,"8":0,"9":0,"10":0,"11":0,"12":0,"13":0,"14":0,"15":0,"16":0,"17":0,"18":0,"19":0,"20":0,"21":0,"22":0,"23":0,"24":0,"25":0,"26":0,"27":0,"28":0,"29":0,"30":0,"31":0,"32":0,"33":0,"34":0,"35":0,"36":0,"37":0,"38":0,"39":0,"40":0,"41":0,"42":0,"43":0,"44":0,"45":0,"46":0,"47":0,"48":0,"49":0,"50":0,"51":0,"52":0,"53":0},"f":{"0":0,"1":0,"2":0,"3":0,"4":0,"5":0,"6":0,"7":0,"8":0,"9":0,"10":0,"11":0,"12":0,"13":0,"14":0,"15":0},"b":{"0":[0,0],"1":[0,0],"2":[0,0],"3":[0,0],"4":[0,0],"5":[0,0],"6":[0,0],"7":[0,0],"8":[0,0],"9":[0,0],"10":[0,0],"11":[0,0],"12":[0,0],"13":[0,0],"14":[0,0],"15":[0,0],"16":[0,0],"17":[0,0],"18":[0,0]}}
,"D:\\CompanyTask\\aadrila-landing-page\\src\\components\\sections\\BlogSection\\BlogCard.tsx": {"path":"D:\\CompanyTask\\aadrila-landing-page\\src\\components\\sections\\BlogSection\\BlogCard.tsx","statementMap":{"0":{"start":{"line":10,"column":17},"end":{"line":32,"column":1}},"1":{"start":{"line":11,"column":2},"end":{"line":31,"column":4}}},"fnMap":{"0":{"name":"(anonymous_0)","decl":{"start":{"line":10,"column":17},"end":{"line":10,"column":18}},"loc":{"start":{"line":10,"column":73},"end":{"line":32,"column":1}},"line":10}},"branchMap":{"0":{"loc":{"start":{"line":10,"column":42},"end":{"line":10,"column":51}},"type":"default-arg","locations":[{"start":{"line":10,"column":50},"end":{"line":10,"column":51}}],"line":10}},"s":{"0":0,"1":0},"f":{"0":0},"b":{"0":[0]}}
,"D:\\CompanyTask\\aadrila-landing-page\\src\\components\\sections\\BlogSection\\BlogsSection.tsx": {"path":"D:\\CompanyTask\\aadrila-landing-page\\src\\components\\sections\\BlogSection\\BlogsSection.tsx","statementMap":{"0":{"start":{"line":7,"column":14},"end":{"line":33,"column":1}},"1":{"start":{"line":35,"column":21},"end":{"line":104,"column":1}},"2":{"start":{"line":36,"column":42},"end":{"line":36,"column":53}},"3":{"start":{"line":37,"column":22},"end":{"line":37,"column":23}},"4":{"start":{"line":38,"column":19},"end":{"line":38,"column":58}},"5":{"start":{"line":40,"column":21},"end":{"line":42,"column":3}},"6":{"start":{"line":41,"column":4},"end":{"line":41,"column":53}},"7":{"start":{"line":41,"column":30},"end":{"line":41,"column":51}},"8":{"start":{"line":44,"column":21},"end":{"line":46,"column":3}},"9":{"start":{"line":45,"column":4},"end":{"line":45,"column":60}},"10":{"start":{"line":45,"column":30},"end":{"line":45,"column":58}},"11":{"start":{"line":48,"column":2},"end":{"line":103,"column":4}},"12":{"start":{"line":69,"column":16},"end":{"line":74,"column":22}}},"fnMap":{"0":{"name":"(anonymous_0)","decl":{"start":{"line":35,"column":21},"end":{"line":35,"column":22}},"loc":{"start":{"line":35,"column":27},"end":{"line":104,"column":1}},"line":35},"1":{"name":"(anonymous_1)","decl":{"start":{"line":40,"column":21},"end":{"line":40,"column":22}},"loc":{"start":{"line":40,"column":27},"end":{"line":42,"column":3}},"line":40},"2":{"name":"(anonymous_2)","decl":{"start":{"line":41,"column":20},"end":{"line":41,"column":21}},"loc":{"start":{"line":41,"column":30},"end":{"line":41,"column":51}},"line":41},"3":{"name":"(anonymous_3)","decl":{"start":{"line":44,"column":21},"end":{"line":44,"column":22}},"loc":{"start":{"line":44,"column":27},"end":{"line":46,"column":3}},"line":44},"4":{"name":"(anonymous_4)","decl":{"start":{"line":45,"column":20},"end":{"line":45,"column":21}},"loc":{"start":{"line":45,"column":30},"end":{"line":45,"column":58}},"line":45},"5":{"name":"(anonymous_5)","decl":{"start":{"line":68,"column":25},"end":{"line":68,"column":26}},"loc":{"start":{"line":69,"column":16},"end":{"line":74,"column":22}},"line":69}},"branchMap":{},"s":{"0":0,"1":0,"2":0,"3":0,"4":0,"5":0,"6":0,"7":0,"8":0,"9":0,"10":0,"11":0,"12":0},"f":{"0":0,"1":0,"2":0,"3":0,"4":0,"5":0},"b":{}}
,"D:\\CompanyTask\\aadrila-landing-page\\src\\components\\sections\\HeroSection\\DocumentCard.tsx": {"path":"D:\\CompanyTask\\aadrila-landing-page\\src\\components\\sections\\HeroSection\\DocumentCard.tsx","statementMap":{"0":{"start":{"line":14,"column":53},"end":{"line":18,"column":1}},"1":{"start":{"line":20,"column":21},"end":{"line":81,"column":1}},"2":{"start":{"line":21,"column":2},"end":{"line":80,"column":4}}},"fnMap":{"0":{"name":"(anonymous_0)","decl":{"start":{"line":20,"column":21},"end":{"line":20,"column":22}},"loc":{"start":{"line":20,"column":77},"end":{"line":81,"column":1}},"line":20}},"branchMap":{"0":{"loc":{"start":{"line":20,"column":42},"end":{"line":20,"column":51}},"type":"default-arg","locations":[{"start":{"line":20,"column":50},"end":{"line":20,"column":51}}],"line":20},"1":{"loc":{"start":{"line":35,"column":18},"end":{"line":37,"column":74}},"type":"cond-expr","locations":[{"start":{"line":36,"column":14},"end":{"line":36,"column":68}},{"start":{"line":37,"column":14},"end":{"line":37,"column":74}}],"line":35},"2":{"loc":{"start":{"line":39,"column":17},"end":{"line":39,"column":73}},"type":"cond-expr","locations":[{"start":{"line":39,"column":30},"end":{"line":39,"column":53}},{"start":{"line":39,"column":56},"end":{"line":39,"column":73}}],"line":39},"3":{"loc":{"start":{"line":41,"column":20},"end":{"line":41,"column":38}},"type":"cond-expr","locations":[{"start":{"line":41,"column":33},"end":{"line":41,"column":34}},{"start":{"line":41,"column":37},"end":{"line":41,"column":38}}],"line":41},"4":{"loc":{"start":{"line":54,"column":9},"end":{"line":68,"column":9}},"type":"binary-expr","locations":[{"start":{"line":54,"column":9},"end":{"line":54,"column":19}},{"start":{"line":55,"column":10},"end":{"line":67,"column":12}}],"line":54},"5":{"loc":{"start":{"line":76,"column":17},"end":{"line":76,"column":66}},"type":"cond-expr","locations":[{"start":{"line":76,"column":30},"end":{"line":76,"column":61}},{"start":{"line":76,"column":64},"end":{"line":76,"column":66}}],"line":76}},"s":{"0":0,"1":0,"2":0},"f":{"0":0},"b":{"0":[0],"1":[0,0],"2":[0,0],"3":[0,0],"4":[0,0],"5":[0,0]}}
,"D:\\CompanyTask\\aadrila-landing-page\\src\\components\\sections\\HeroSection\\DocumentScanner.tsx": {"path":"D:\\CompanyTask\\aadrila-landing-page\\src\\components\\sections\\HeroSection\\DocumentScanner.tsx","statementMap":{"0":{"start":{"line":13,"column":30},"end":{"line":17,"column":1}},"1":{"start":{"line":20,"column":18},"end":{"line":24,"column":1}},"2":{"start":{"line":26,"column":24},"end":{"line":130,"column":1}},"3":{"start":{"line":27,"column":34},"end":{"line":27,"column":45}},"4":{"start":{"line":28,"column":44},"end":{"line":28,"column":59}},"5":{"start":{"line":30,"column":2},"end":{"line":44,"column":9}},"6":{"start":{"line":31,"column":22},"end":{"line":33,"column":11}},"7":{"start":{"line":32,"column":6},"end":{"line":32,"column":29}},"8":{"start":{"line":36,"column":27},"end":{"line":38,"column":12}},"9":{"start":{"line":37,"column":6},"end":{"line":37,"column":38}},"10":{"start":{"line":37,"column":28},"end":{"line":37,"column":36}},"11":{"start":{"line":40,"column":4},"end":{"line":43,"column":6}},"12":{"start":{"line":41,"column":6},"end":{"line":41,"column":30}},"13":{"start":{"line":42,"column":6},"end":{"line":42,"column":36}},"14":{"start":{"line":48,"column":22},"end":{"line":63,"column":3}},"15":{"start":{"line":49,"column":4},"end":{"line":54,"column":5}},"16":{"start":{"line":51,"column":6},"end":{"line":51,"column":50}},"17":{"start":{"line":51,"column":26},"end":{"line":51,"column":50}},"18":{"start":{"line":52,"column":6},"end":{"line":52,"column":48}},"19":{"start":{"line":52,"column":26},"end":{"line":52,"column":48}},"20":{"start":{"line":53,"column":6},"end":{"line":53,"column":29}},"21":{"start":{"line":58,"column":26},"end":{"line":58,"column":59}},"22":{"start":{"line":60,"column":4},"end":{"line":60,"column":53}},"23":{"start":{"line":60,"column":29},"end":{"line":60,"column":53}},"24":{"start":{"line":61,"column":4},"end":{"line":61,"column":51}},"25":{"start":{"line":61,"column":29},"end":{"line":61,"column":51}},"26":{"start":{"line":62,"column":4},"end":{"line":62,"column":27}},"27":{"start":{"line":65,"column":2},"end":{"line":129,"column":4}},"28":{"start":{"line":88,"column":29},"end":{"line":88,"column":47}},"29":{"start":{"line":89,"column":29},"end":{"line":89,"column":58}},"30":{"start":{"line":91,"column":12},"end":{"line":124,"column":14}}},"fnMap":{"0":{"name":"(anonymous_0)","decl":{"start":{"line":26,"column":24},"end":{"line":26,"column":25}},"loc":{"start":{"line":26,"column":30},"end":{"line":130,"column":1}},"line":26},"1":{"name":"(anonymous_1)","decl":{"start":{"line":30,"column":12},"end":{"line":30,"column":13}},"loc":{"start":{"line":30,"column":18},"end":{"line":44,"column":3}},"line":30},"2":{"name":"(anonymous_2)","decl":{"start":{"line":31,"column":33},"end":{"line":31,"column":34}},"loc":{"start":{"line":31,"column":39},"end":{"line":33,"column":5}},"line":31},"3":{"name":"(anonymous_3)","decl":{"start":{"line":36,"column":39},"end":{"line":36,"column":40}},"loc":{"start":{"line":36,"column":45},"end":{"line":38,"column":5}},"line":36},"4":{"name":"(anonymous_4)","decl":{"start":{"line":37,"column":18},"end":{"line":37,"column":19}},"loc":{"start":{"line":37,"column":28},"end":{"line":37,"column":36}},"line":37},"5":{"name":"(anonymous_5)","decl":{"start":{"line":40,"column":11},"end":{"line":40,"column":12}},"loc":{"start":{"line":40,"column":17},"end":{"line":43,"column":5}},"line":40},"6":{"name":"(anonymous_6)","decl":{"start":{"line":48,"column":22},"end":{"line":48,"column":23}},"loc":{"start":{"line":48,"column":44},"end":{"line":63,"column":3}},"line":48},"7":{"name":"(anonymous_7)","decl":{"start":{"line":87,"column":25},"end":{"line":87,"column":26}},"loc":{"start":{"line":87,"column":41},"end":{"line":125,"column":11}},"line":87}},"branchMap":{"0":{"loc":{"start":{"line":49,"column":4},"end":{"line":54,"column":5}},"type":"if","locations":[{"start":{"line":49,"column":4},"end":{"line":54,"column":5}},{"start":{},"end":{}}],"line":49},"1":{"loc":{"start":{"line":51,"column":6},"end":{"line":51,"column":50}},"type":"if","locations":[{"start":{"line":51,"column":6},"end":{"line":51,"column":50}},{"start":{},"end":{}}],"line":51},"2":{"loc":{"start":{"line":52,"column":6},"end":{"line":52,"column":48}},"type":"if","locations":[{"start":{"line":52,"column":6},"end":{"line":52,"column":48}},{"start":{},"end":{}}],"line":52},"3":{"loc":{"start":{"line":60,"column":4},"end":{"line":60,"column":53}},"type":"if","locations":[{"start":{"line":60,"column":4},"end":{"line":60,"column":53}},{"start":{},"end":{}}],"line":60},"4":{"loc":{"start":{"line":61,"column":4},"end":{"line":61,"column":51}},"type":"if","locations":[{"start":{"line":61,"column":4},"end":{"line":61,"column":51}},{"start":{},"end":{}}],"line":61},"5":{"loc":{"start":{"line":120,"column":30},"end":{"line":120,"column":55}},"type":"binary-expr","locations":[{"start":{"line":120,"column":30},"end":{"line":120,"column":38}},{"start":{"line":120,"column":42},"end":{"line":120,"column":55}}],"line":120}},"s":{"0":0,"1":0,"2":0,"3":0,"4":0,"5":0,"6":0,"7":0,"8":0,"9":0,"10":0,"11":0,"12":0,"13":0,"14":0,"15":0,"16":0,"17":0,"18":0,"19":0,"20":0,"21":0,"22":0,"23":0,"24":0,"25":0,"26":0,"27":0,"28":0,"29":0,"30":0},"f":{"0":0,"1":0,"2":0,"3":0,"4":0,"5":0,"6":0,"7":0},"b":{"0":[0,0],"1":[0,0],"2":[0,0],"3":[0,0],"4":[0,0],"5":[0,0]}}
,"D:\\CompanyTask\\aadrila-landing-page\\src\\components\\sections\\HeroSection\\HeroSection.tsx": {"path":"D:\\CompanyTask\\aadrila-landing-page\\src\\components\\sections\\HeroSection\\HeroSection.tsx","statementMap":{"0":{"start":{"line":5,"column":20},"end":{"line":87,"column":1}},"1":{"start":{"line":6,"column":2},"end":{"line":86,"column":4}}},"fnMap":{"0":{"name":"(anonymous_0)","decl":{"start":{"line":5,"column":20},"end":{"line":5,"column":21}},"loc":{"start":{"line":5,"column":26},"end":{"line":87,"column":1}},"line":5}},"branchMap":{},"s":{"0":0,"1":0},"f":{"0":0},"b":{}}
,"D:\\CompanyTask\\aadrila-landing-page\\src\\components\\sections\\IndustrySection\\IndustriesSection.tsx": {"path":"D:\\CompanyTask\\aadrila-landing-page\\src\\components\\sections\\IndustrySection\\IndustriesSection.tsx","statementMap":{"0":{"start":{"line":10,"column":0},"end":{"line":10,"column":35}},"1":{"start":{"line":12,"column":19},"end":{"line":28,"column":1}},"2":{"start":{"line":30,"column":26},"end":{"line":153,"column":1}},"3":{"start":{"line":31,"column":21},"end":{"line":31,"column":46}},"4":{"start":{"line":32,"column":21},"end":{"line":32,"column":55}},"5":{"start":{"line":33,"column":21},"end":{"line":33,"column":53}},"6":{"start":{"line":35,"column":2},"end":{"line":74,"column":9}},"7":{"start":{"line":36,"column":16},"end":{"line":71,"column":18}},"8":{"start":{"line":38,"column":6},"end":{"line":52,"column":8}},"9":{"start":{"line":55,"column":6},"end":{"line":70,"column":8}},"10":{"start":{"line":73,"column":4},"end":{"line":73,"column":30}},"11":{"start":{"line":73,"column":17},"end":{"line":73,"column":29}},"12":{"start":{"line":76,"column":2},"end":{"line":152,"column":4}}},"fnMap":{"0":{"name":"(anonymous_0)","decl":{"start":{"line":30,"column":26},"end":{"line":30,"column":27}},"loc":{"start":{"line":30,"column":32},"end":{"line":153,"column":1}},"line":30},"1":{"name":"(anonymous_1)","decl":{"start":{"line":35,"column":12},"end":{"line":35,"column":13}},"loc":{"start":{"line":35,"column":18},"end":{"line":74,"column":3}},"line":35},"2":{"name":"(anonymous_2)","decl":{"start":{"line":36,"column":29},"end":{"line":36,"column":30}},"loc":{"start":{"line":36,"column":35},"end":{"line":71,"column":5}},"line":36},"3":{"name":"(anonymous_3)","decl":{"start":{"line":73,"column":11},"end":{"line":73,"column":12}},"loc":{"start":{"line":73,"column":17},"end":{"line":73,"column":29}},"line":73}},"branchMap":{},"s":{"0":0,"1":0,"2":0,"3":0,"4":0,"5":0,"6":0,"7":0,"8":0,"9":0,"10":0,"11":0,"12":0},"f":{"0":0,"1":0,"2":0,"3":0},"b":{}}
,"D:\\CompanyTask\\aadrila-landing-page\\src\\components\\sections\\IndustrySection\\IndustryCard.tsx": {"path":"D:\\CompanyTask\\aadrila-landing-page\\src\\components\\sections\\IndustrySection\\IndustryCard.tsx","statementMap":{"0":{"start":{"line":10,"column":21},"end":{"line":30,"column":1}},"1":{"start":{"line":11,"column":2},"end":{"line":29,"column":4}}},"fnMap":{"0":{"name":"(anonymous_0)","decl":{"start":{"line":10,"column":21},"end":{"line":10,"column":22}},"loc":{"start":{"line":10,"column":85},"end":{"line":30,"column":1}},"line":10}},"branchMap":{"0":{"loc":{"start":{"line":10,"column":50},"end":{"line":10,"column":59}},"type":"default-arg","locations":[{"start":{"line":10,"column":58},"end":{"line":10,"column":59}}],"line":10}},"s":{"0":0,"1":0},"f":{"0":0},"b":{"0":[0]}}
,"D:\\CompanyTask\\aadrila-landing-page\\src\\components\\sections\\IndustrySection\\IndustryIcons.tsx": {"path":"D:\\CompanyTask\\aadrila-landing-page\\src\\components\\sections\\IndustrySection\\IndustryIcons.tsx","statementMap":{"0":{"start":{"line":1,"column":29},"end":{"line":42,"column":1}},"1":{"start":{"line":2,"column":2},"end":{"line":41,"column":8}},"2":{"start":{"line":44,"column":27},"end":{"line":79,"column":1}},"3":{"start":{"line":45,"column":2},"end":{"line":78,"column":8}},"4":{"start":{"line":81,"column":30},"end":{"line":122,"column":1}},"5":{"start":{"line":82,"column":2},"end":{"line":121,"column":8}}},"fnMap":{"0":{"name":"(anonymous_0)","decl":{"start":{"line":1,"column":29},"end":{"line":1,"column":30}},"loc":{"start":{"line":2,"column":2},"end":{"line":41,"column":8}},"line":2},"1":{"name":"(anonymous_1)","decl":{"start":{"line":44,"column":27},"end":{"line":44,"column":28}},"loc":{"start":{"line":45,"column":2},"end":{"line":78,"column":8}},"line":45},"2":{"name":"(anonymous_2)","decl":{"start":{"line":81,"column":30},"end":{"line":81,"column":31}},"loc":{"start":{"line":82,"column":2},"end":{"line":121,"column":8}},"line":82}},"branchMap":{},"s":{"0":0,"1":0,"2":0,"3":0,"4":0,"5":0},"f":{"0":0,"1":0,"2":0},"b":{}}
,"D:\\CompanyTask\\aadrila-landing-page\\src\\components\\sections\\ProductSection\\ProductCard.tsx": {"path":"D:\\CompanyTask\\aadrila-landing-page\\src\\components\\sections\\ProductSection\\ProductCard.tsx","statementMap":{"0":{"start":{"line":7,"column":0},"end":{"line":7,"column":35}},"1":{"start":{"line":20,"column":20},"end":{"line":165,"column":1}},"2":{"start":{"line":29,"column":21},"end":{"line":29,"column":49}},"3":{"start":{"line":30,"column":19},"end":{"line":30,"column":47}},"4":{"start":{"line":32,"column":2},"end":{"line":69,"column":17}},"5":{"start":{"line":33,"column":16},"end":{"line":66,"column":6}},"6":{"start":{"line":34,"column":6},"end":{"line":48,"column":8}},"7":{"start":{"line":50,"column":6},"end":{"line":65,"column":8}},"8":{"start":{"line":68,"column":4},"end":{"line":68,"column":30}},"9":{"start":{"line":68,"column":17},"end":{"line":68,"column":29}},"10":{"start":{"line":72,"column":4},"end":{"line":127,"column":10}},"11":{"start":{"line":91,"column":12},"end":{"line":94,"column":17}},"12":{"start":{"line":103,"column":12},"end":{"line":106,"column":17}},"13":{"start":{"line":131,"column":4},"end":{"line":147,"column":10}},"14":{"start":{"line":150,"column":2},"end":{"line":164,"column":4}}},"fnMap":{"0":{"name":"(anonymous_0)","decl":{"start":{"line":20,"column":20},"end":{"line":20,"column":21}},"loc":{"start":{"line":28,"column":24},"end":{"line":165,"column":1}},"line":28},"1":{"name":"(anonymous_1)","decl":{"start":{"line":32,"column":12},"end":{"line":32,"column":13}},"loc":{"start":{"line":32,"column":18},"end":{"line":69,"column":3}},"line":32},"2":{"name":"(anonymous_2)","decl":{"start":{"line":33,"column":29},"end":{"line":33,"column":30}},"loc":{"start":{"line":33,"column":35},"end":{"line":66,"column":5}},"line":33},"3":{"name":"(anonymous_3)","decl":{"start":{"line":68,"column":11},"end":{"line":68,"column":12}},"loc":{"start":{"line":68,"column":17},"end":{"line":68,"column":29}},"line":68},"4":{"name":"(anonymous_4)","decl":{"start":{"line":90,"column":24},"end":{"line":90,"column":25}},"loc":{"start":{"line":91,"column":12},"end":{"line":94,"column":17}},"line":91},"5":{"name":"(anonymous_5)","decl":{"start":{"line":102,"column":24},"end":{"line":102,"column":25}},"loc":{"start":{"line":103,"column":12},"end":{"line":106,"column":17}},"line":103}},"branchMap":{"0":{"loc":{"start":{"line":27,"column":2},"end":{"line":27,"column":18}},"type":"default-arg","locations":[{"start":{"line":27,"column":13},"end":{"line":27,"column":18}}],"line":27},"1":{"loc":{"start":{"line":36,"column":13},"end":{"line":36,"column":34}},"type":"cond-expr","locations":[{"start":{"line":36,"column":24},"end":{"line":36,"column":27}},{"start":{"line":36,"column":30},"end":{"line":36,"column":34}}],"line":36},"2":{"loc":{"start":{"line":52,"column":13},"end":{"line":52,"column":34}},"type":"cond-expr","locations":[{"start":{"line":52,"column":24},"end":{"line":52,"column":28}},{"start":{"line":52,"column":31},"end":{"line":52,"column":34}}],"line":52},"3":{"loc":{"start":{"line":133,"column":34},"end":{"line":133,"column":69}},"type":"cond-expr","locations":[{"start":{"line":133,"column":45},"end":{"line":133,"column":55}},{"start":{"line":133,"column":58},"end":{"line":133,"column":69}}],"line":133},"4":{"loc":{"start":{"line":151,"column":100},"end":{"line":151,"column":137}},"type":"cond-expr","locations":[{"start":{"line":151,"column":111},"end":{"line":151,"column":132}},{"start":{"line":151,"column":135},"end":{"line":151,"column":137}}],"line":151},"5":{"loc":{"start":{"line":152,"column":7},"end":{"line":162,"column":7}},"type":"cond-expr","locations":[{"start":{"line":153,"column":8},"end":{"line":156,"column":11}},{"start":{"line":158,"column":8},"end":{"line":161,"column":11}}],"line":152}},"s":{"0":0,"1":0,"2":0,"3":0,"4":0,"5":0,"6":0,"7":0,"8":0,"9":0,"10":0,"11":0,"12":0,"13":0,"14":0},"f":{"0":0,"1":0,"2":0,"3":0,"4":0,"5":0},"b":{"0":[0],"1":[0,0],"2":[0,0],"3":[0,0],"4":[0,0],"5":[0,0]}}
,"D:\\CompanyTask\\aadrila-landing-page\\src\\components\\sections\\ProductSection\\ProductsSection.tsx": {"path":"D:\\CompanyTask\\aadrila-landing-page\\src\\components\\sections\\ProductSection\\ProductsSection.tsx","statementMap":{"0":{"start":{"line":7,"column":17},"end":{"line":56,"column":1}},"1":{"start":{"line":58,"column":24},"end":{"line":79,"column":1}},"2":{"start":{"line":59,"column":2},"end":{"line":78,"column":4}},"3":{"start":{"line":70,"column":10},"end":{"line":74,"column":12}}},"fnMap":{"0":{"name":"(anonymous_0)","decl":{"start":{"line":58,"column":24},"end":{"line":58,"column":25}},"loc":{"start":{"line":58,"column":30},"end":{"line":79,"column":1}},"line":58},"1":{"name":"(anonymous_1)","decl":{"start":{"line":69,"column":22},"end":{"line":69,"column":23}},"loc":{"start":{"line":70,"column":10},"end":{"line":74,"column":12}},"line":70}},"branchMap":{},"s":{"0":0,"1":0,"2":0,"3":0},"f":{"0":0,"1":0},"b":{}}
,"D:\\CompanyTask\\aadrila-landing-page\\src\\hooks\\useMobile.ts": {"path":"D:\\CompanyTask\\aadrila-landing-page\\src\\hooks\\useMobile.ts","statementMap":{"0":{"start":{"line":3,"column":26},"end":{"line":3,"column":29}},"1":{"start":{"line":6,"column":34},"end":{"line":6,"column":80}},"2":{"start":{"line":8,"column":2},"end":{"line":16,"column":9}},"3":{"start":{"line":9,"column":16},"end":{"line":9,"column":76}},"4":{"start":{"line":10,"column":21},"end":{"line":12,"column":5}},"5":{"start":{"line":11,"column":6},"end":{"line":11,"column":57}},"6":{"start":{"line":13,"column":4},"end":{"line":13,"column":45}},"7":{"start":{"line":14,"column":4},"end":{"line":14,"column":55}},"8":{"start":{"line":15,"column":4},"end":{"line":15,"column":61}},"9":{"start":{"line":15,"column":17},"end":{"line":15,"column":60}},"10":{"start":{"line":18,"column":2},"end":{"line":18,"column":20}}},"fnMap":{"0":{"name":"useIsMobile","decl":{"start":{"line":5,"column":16},"end":{"line":5,"column":27}},"loc":{"start":{"line":5,"column":30},"end":{"line":19,"column":1}},"line":5},"1":{"name":"(anonymous_1)","decl":{"start":{"line":8,"column":18},"end":{"line":8,"column":19}},"loc":{"start":{"line":8,"column":24},"end":{"line":16,"column":3}},"line":8},"2":{"name":"(anonymous_2)","decl":{"start":{"line":10,"column":21},"end":{"line":10,"column":22}},"loc":{"start":{"line":10,"column":27},"end":{"line":12,"column":5}},"line":10},"3":{"name":"(anonymous_3)","decl":{"start":{"line":15,"column":11},"end":{"line":15,"column":12}},"loc":{"start":{"line":15,"column":17},"end":{"line":15,"column":60}},"line":15}},"branchMap":{},"s":{"0":0,"1":0,"2":0,"3":0,"4":0,"5":0,"6":0,"7":0,"8":0,"9":0,"10":0},"f":{"0":0,"1":0,"2":0,"3":0},"b":{}}
,"D:\\CompanyTask\\aadrila-landing-page\\src\\hooks\\useTheme.ts": {"path":"D:\\CompanyTask\\aadrila-landing-page\\src\\hooks\\useTheme.ts","statementMap":{"0":{"start":{"line":3,"column":24},"end":{"line":3,"column":35}},"1":{"start":{"line":3,"column":30},"end":{"line":3,"column":35}}},"fnMap":{"0":{"name":"(anonymous_0)","decl":{"start":{"line":3,"column":24},"end":{"line":3,"column":25}},"loc":{"start":{"line":3,"column":30},"end":{"line":3,"column":35}},"line":3}},"branchMap":{},"s":{"0":0,"1":0},"f":{"0":0},"b":{}}
,"D:\\CompanyTask\\aadrila-landing-page\\src\\pages\\About.tsx": {"path":"D:\\CompanyTask\\aadrila-landing-page\\src\\pages\\About.tsx","statementMap":{"0":{"start":{"line":7,"column":27},"end":{"line":20,"column":1}},"1":{"start":{"line":22,"column":20},"end":{"line":47,"column":1}},"2":{"start":{"line":49,"column":14},"end":{"line":219,"column":1}},"3":{"start":{"line":50,"column":44},"end":{"line":50,"column":55}},"4":{"start":{"line":52,"column":25},"end":{"line":55,"column":3}},"5":{"start":{"line":53,"column":10},"end":{"line":53,"column":36}},"6":{"start":{"line":57,"column":25},"end":{"line":64,"column":3}},"7":{"start":{"line":58,"column":4},"end":{"line":63,"column":7}},"8":{"start":{"line":59,"column":6},"end":{"line":61,"column":7}},"9":{"start":{"line":60,"column":8},"end":{"line":60,"column":47}},"10":{"start":{"line":62,"column":6},"end":{"line":62,"column":66}},"11":{"start":{"line":66,"column":2},"end":{"line":218,"column":4}},"12":{"start":{"line":100,"column":14},"end":{"line":133,"column":20}},"13":{"start":{"line":158,"column":29},"end":{"line":158,"column":51}},"14":{"start":{"line":168,"column":29},"end":{"line":168,"column":51}},"15":{"start":{"line":180,"column":31},"end":{"line":180,"column":54}},"16":{"start":{"line":181,"column":14},"end":{"line":197,"column":16}},"17":{"start":{"line":185,"column":33},"end":{"line":185,"column":56}}},"fnMap":{"0":{"name":"(anonymous_0)","decl":{"start":{"line":49,"column":14},"end":{"line":49,"column":15}},"loc":{"start":{"line":49,"column":20},"end":{"line":219,"column":1}},"line":49},"1":{"name":"(anonymous_1)","decl":{"start":{"line":53,"column":4},"end":{"line":53,"column":5}},"loc":{"start":{"line":53,"column":10},"end":{"line":53,"column":36}},"line":53},"2":{"name":"(anonymous_2)","decl":{"start":{"line":57,"column":25},"end":{"line":57,"column":26}},"loc":{"start":{"line":57,"column":57},"end":{"line":64,"column":3}},"line":57},"3":{"name":"(anonymous_3)","decl":{"start":{"line":58,"column":21},"end":{"line":58,"column":22}},"loc":{"start":{"line":58,"column":31},"end":{"line":63,"column":5}},"line":58},"4":{"name":"(anonymous_4)","decl":{"start":{"line":99,"column":36},"end":{"line":99,"column":37}},"loc":{"start":{"line":100,"column":14},"end":{"line":133,"column":20}},"line":100},"5":{"name":"(anonymous_5)","decl":{"start":{"line":158,"column":23},"end":{"line":158,"column":24}},"loc":{"start":{"line":158,"column":29},"end":{"line":158,"column":51}},"line":158},"6":{"name":"(anonymous_6)","decl":{"start":{"line":168,"column":23},"end":{"line":168,"column":24}},"loc":{"start":{"line":168,"column":29},"end":{"line":168,"column":51}},"line":168},"7":{"name":"(anonymous_7)","decl":{"start":{"line":179,"column":29},"end":{"line":179,"column":30}},"loc":{"start":{"line":179,"column":48},"end":{"line":198,"column":13}},"line":179},"8":{"name":"(anonymous_8)","decl":{"start":{"line":185,"column":27},"end":{"line":185,"column":28}},"loc":{"start":{"line":185,"column":33},"end":{"line":185,"column":56}},"line":185}},"branchMap":{"0":{"loc":{"start":{"line":59,"column":6},"end":{"line":61,"column":7}},"type":"if","locations":[{"start":{"line":59,"column":6},"end":{"line":61,"column":7}},{"start":{},"end":{}}],"line":59},"1":{"loc":{"start":{"line":129,"column":19},"end":{"line":131,"column":19}},"type":"binary-expr","locations":[{"start":{"line":129,"column":19},"end":{"line":129,"column":30}},{"start":{"line":130,"column":20},"end":{"line":130,"column":160}}],"line":129},"2":{"loc":{"start":{"line":187,"column":20},"end":{"line":187,"column":79}},"type":"cond-expr","locations":[{"start":{"line":187,"column":31},"end":{"line":187,"column":68}},{"start":{"line":187,"column":71},"end":{"line":187,"column":79}}],"line":187}},"s":{"0":0,"1":0,"2":0,"3":0,"4":0,"5":0,"6":0,"7":0,"8":0,"9":0,"10":0,"11":0,"12":0,"13":0,"14":0,"15":0,"16":0,"17":0},"f":{"0":0,"1":0,"2":0,"3":0,"4":0,"5":0,"6":0,"7":0,"8":0},"b":{"0":[0,0],"1":[0,0],"2":[0,0]}}
,"D:\\CompanyTask\\aadrila-landing-page\\src\\pages\\Home.tsx": {"path":"D:\\CompanyTask\\aadrila-landing-page\\src\\pages\\Home.tsx","statementMap":{"0":{"start":{"line":8,"column":13},"end":{"line":37,"column":1}},"1":{"start":{"line":9,"column":2},"end":{"line":36,"column":4}}},"fnMap":{"0":{"name":"(anonymous_0)","decl":{"start":{"line":8,"column":13},"end":{"line":8,"column":14}},"loc":{"start":{"line":8,"column":19},"end":{"line":37,"column":1}},"line":8}},"branchMap":{},"s":{"0":0,"1":0},"f":{"0":0},"b":{}}
,"D:\\CompanyTask\\aadrila-landing-page\\src\\pages\\NotFound.tsx": {"path":"D:\\CompanyTask\\aadrila-landing-page\\src\\pages\\NotFound.tsx","statementMap":{"0":{"start":{"line":4,"column":17},"end":{"line":22,"column":1}},"1":{"start":{"line":5,"column":19},"end":{"line":5,"column":32}},"2":{"start":{"line":7,"column":2},"end":{"line":9,"column":26}},"3":{"start":{"line":8,"column":4},"end":{"line":8,"column":96}},"4":{"start":{"line":11,"column":2},"end":{"line":21,"column":4}}},"fnMap":{"0":{"name":"(anonymous_0)","decl":{"start":{"line":4,"column":17},"end":{"line":4,"column":18}},"loc":{"start":{"line":4,"column":23},"end":{"line":22,"column":1}},"line":4},"1":{"name":"(anonymous_1)","decl":{"start":{"line":7,"column":12},"end":{"line":7,"column":13}},"loc":{"start":{"line":7,"column":18},"end":{"line":9,"column":3}},"line":7}},"branchMap":{},"s":{"0":0,"1":0,"2":0,"3":0,"4":0},"f":{"0":0,"1":0},"b":{}}
,"D:\\CompanyTask\\aadrila-landing-page\\src\\test-utils\\accessibility.tsx": {"path":"D:\\CompanyTask\\aadrila-landing-page\\src\\test-utils\\accessibility.tsx","statementMap":{"0":{"start":{"line":15,"column":0},"end":{"line":36,"column":3}},"1":{"start":{"line":17,"column":23},"end":{"line":17,"column":41}},"2":{"start":{"line":18,"column":17},"end":{"line":18,"column":40}},"3":{"start":{"line":19,"column":4},"end":{"line":24,"column":5}},"4":{"start":{"line":20,"column":6},"end":{"line":23,"column":8}},"5":{"start":{"line":21,"column":23},"end":{"line":21,"column":59}},"6":{"start":{"line":26,"column":4},"end":{"line":34,"column":6}},"7":{"start":{"line":28,"column":25},"end":{"line":30,"column":10}},"8":{"start":{"line":29,"column":10},"end":{"line":29,"column":55}},"9":{"start":{"line":31,"column":8},"end":{"line":31,"column":35}},"10":{"start":{"line":38,"column":22},"end":{"line":52,"column":1}},"11":{"start":{"line":42,"column":17},"end":{"line":42,"column":39}},"12":{"start":{"line":43,"column":24},"end":{"line":43,"column":30}},"13":{"start":{"line":46,"column":21},"end":{"line":46,"column":41}},"14":{"start":{"line":49,"column":2},"end":{"line":49,"column":42}},"15":{"start":{"line":51,"column":2},"end":{"line":51,"column":16}}},"fnMap":{"0":{"name":"(anonymous_0)","decl":{"start":{"line":16,"column":2},"end":{"line":16,"column":3}},"loc":{"start":{"line":16,"column":41},"end":{"line":35,"column":3}},"line":16},"1":{"name":"(anonymous_1)","decl":{"start":{"line":21,"column":17},"end":{"line":21,"column":18}},"loc":{"start":{"line":21,"column":23},"end":{"line":21,"column":59}},"line":21},"2":{"name":"(anonymous_2)","decl":{"start":{"line":27,"column":15},"end":{"line":27,"column":16}},"loc":{"start":{"line":27,"column":21},"end":{"line":32,"column":7}},"line":27},"3":{"name":"(anonymous_3)","decl":{"start":{"line":28,"column":40},"end":{"line":28,"column":41}},"loc":{"start":{"line":28,"column":60},"end":{"line":30,"column":9}},"line":28},"4":{"name":"(anonymous_4)","decl":{"start":{"line":38,"column":22},"end":{"line":38,"column":23}},"loc":{"start":{"line":41,"column":28},"end":{"line":52,"column":1}},"line":41}},"branchMap":{"0":{"loc":{"start":{"line":19,"column":4},"end":{"line":24,"column":5}},"type":"if","locations":[{"start":{"line":19,"column":4},"end":{"line":24,"column":5}},{"start":{},"end":{}}],"line":19}},"s":{"0":0,"1":0,"2":0,"3":0,"4":0,"5":0,"6":0,"7":0,"8":0,"9":0,"10":0,"11":0,"12":0,"13":0,"14":0,"15":0},"f":{"0":0,"1":0,"2":0,"3":0,"4":0},"b":{"0":[0,0]}}
,"D:\\CompanyTask\\aadrila-landing-page\\src\\theme\\index.ts": {"path":"D:\\CompanyTask\\aadrila-landing-page\\src\\theme\\index.ts","statementMap":{},"fnMap":{},"branchMap":{},"s":{},"f":{},"b":{}}
,"D:\\CompanyTask\\aadrila-landing-page\\src\\theme\\theme.ts": {"path":"D:\\CompanyTask\\aadrila-landing-page\\src\\theme\\theme.ts","statementMap":{"0":{"start":{"line":1,"column":21},"end":{"line":24,"column":10}}},"fnMap":{},"branchMap":{},"s":{"0":0},"f":{},"b":{}}
}
