TN:
SF:src\App.tsx
FN:11,App
FN:15,(anonymous_1)
FN:18,(anonymous_2)
FNF:3
FNH:0
FNDA:0,App
FNDA:0,(anonymous_1)
FNDA:0,(anonymous_2)
DA:12,0
DA:13,0
DA:15,0
DA:16,0
DA:18,0
DA:21,0
LF:6
LH:0
BRDA:26,0,0,0
BRDA:26,0,1,0
BRDA:29,1,0,0
BRDA:29,1,1,0
BRF:4
BRH:0
end_of_record
TN:
SF:src\components\common\SectionHeading.tsx
FN:15,(anonymous_0)
FN:20,(anonymous_1)
FN:21,(anonymous_2)
FN:62,(anonymous_3)
FNF:4
FNH:0
FNDA:0,(anonymous_0)
FNDA:0,(anonymous_1)
FNDA:0,(anonymous_2)
FNDA:0,(anonymous_3)
DA:5,0
DA:15,0
DA:16,0
DA:17,0
DA:18,0
DA:20,0
DA:21,0
DA:23,0
DA:24,0
DA:26,0
DA:43,0
DA:62,0
DA:65,0
LF:13
LH:0
BRDA:15,0,0,0
BRDA:15,1,0,0
BRDA:15,2,0,0
BRDA:23,3,0,0
BRDA:23,3,1,0
BRDA:24,4,0,0
BRDA:24,4,1,0
BRDA:28,5,0,0
BRDA:28,5,1,0
BRDA:28,6,0,0
BRDA:28,6,1,0
BRDA:45,7,0,0
BRDA:45,7,1,0
BRDA:45,8,0,0
BRDA:45,8,1,0
BRDA:66,9,0,0
BRDA:66,9,1,0
BRDA:67,10,0,0
BRDA:67,10,1,0
BRF:19
BRH:0
end_of_record
TN:
SF:src\components\common\SplashScreen.tsx
FN:7,(anonymous_0)
FN:10,(anonymous_1)
FN:14,(anonymous_2)
FN:17,(anonymous_3)
FN:20,(anonymous_4)
FN:23,(anonymous_5)
FN:28,(anonymous_6)
FNF:7
FNH:0
FNDA:0,(anonymous_0)
FNDA:0,(anonymous_1)
FNDA:0,(anonymous_2)
FNDA:0,(anonymous_3)
FNDA:0,(anonymous_4)
FNDA:0,(anonymous_5)
FNDA:0,(anonymous_6)
DA:7,0
DA:8,0
DA:10,0
DA:11,0
DA:14,0
DA:17,0
DA:20,0
DA:23,0
DA:24,0
DA:25,0
DA:28,0
DA:31,0
LF:12
LH:0
BRDA:34,0,0,0
BRDA:34,0,1,0
BRDA:41,1,0,0
BRDA:41,1,1,0
BRDA:49,2,0,0
BRDA:49,2,1,0
BRDA:52,3,0,0
BRDA:52,3,1,0
BRDA:60,4,0,0
BRDA:60,4,1,0
BRDA:60,5,0,0
BRDA:60,5,1,0
BRF:12
BRH:0
end_of_record
TN:
SF:src\components\common\ThemeProvider.tsx
FN:7,(anonymous_0)
FNF:1
FNH:0
FNDA:0,(anonymous_0)
DA:7,0
DA:8,0
LF:2
LH:0
BRF:0
BRH:0
end_of_record
TN:
SF:src\components\common\ThemedButton.tsx
FN:12,(anonymous_0)
FN:20,(anonymous_1)
FNF:2
FNH:0
FNDA:0,(anonymous_0)
FNDA:0,(anonymous_1)
DA:12,0
DA:20,0
DA:21,0
DA:23,0
DA:25,0
DA:27,0
DA:31,0
LF:7
LH:0
BRDA:13,0,0,0
BRDA:14,1,0,0
BRDA:17,2,0,0
BRDA:18,3,0,0
BRDA:21,4,0,0
BRDA:21,4,1,0
BRDA:21,4,2,0
BRDA:23,5,0,0
BRDA:23,5,1,0
BRDA:25,6,0,0
BRDA:25,6,1,0
BRDA:27,7,0,0
BRDA:27,7,1,0
BRF:13
BRH:0
end_of_record
TN:
SF:src\components\common\ThemedText.tsx
FN:10,(anonymous_0)
FN:16,(anonymous_1)
FNF:2
FNH:0
FNDA:0,(anonymous_0)
FNDA:0,(anonymous_1)
DA:10,0
DA:16,0
DA:17,0
DA:19,0
DA:21,0
DA:23,0
DA:26,0
DA:30,0
DA:41,0
DA:43,0
LF:10
LH:0
BRDA:11,0,0,0
BRDA:12,1,0,0
BRDA:14,2,0,0
BRDA:17,3,0,0
BRDA:17,3,1,0
BRDA:17,3,2,0
BRDA:17,3,3,0
BRDA:17,3,4,0
BRF:8
BRH:0
end_of_record
TN:
SF:src\components\layout\ContactSection.tsx
FN:9,(anonymous_0)
FN:23,(anonymous_1)
FN:24,(anonymous_2)
FN:59,(anonymous_3)
FN:62,(anonymous_4)
FN:67,(anonymous_5)
FN:68,(anonymous_6)
FNF:7
FNH:0
FNDA:0,(anonymous_0)
FNDA:0,(anonymous_1)
FNDA:0,(anonymous_2)
FNDA:0,(anonymous_3)
FNDA:0,(anonymous_4)
FNDA:0,(anonymous_5)
FNDA:0,(anonymous_6)
DA:7,0
DA:9,0
DA:10,0
DA:11,0
DA:12,0
DA:14,0
DA:23,0
DA:24,0
DA:25,0
DA:41,0
DA:59,0
DA:62,0
DA:63,0
DA:64,0
DA:67,0
DA:68,0
DA:74,0
LF:17
LH:0
BRF:0
BRH:0
end_of_record
TN:
SF:src\components\layout\Footer.tsx
FN:3,(anonymous_0)
FNF:1
FNH:0
FNDA:0,(anonymous_0)
DA:3,0
DA:4,0
LF:2
LH:0
BRF:0
BRH:0
end_of_record
TN:
SF:src\components\layout\MainLayout.tsx
FN:6,(anonymous_0)
FNF:1
FNH:0
FNDA:0,(anonymous_0)
DA:6,0
DA:7,0
LF:2
LH:0
BRF:0
BRH:0
end_of_record
TN:
SF:src\components\layout\Navbar.tsx
FN:22,(anonymous_0)
FN:29,(anonymous_1)
FN:31,(anonymous_2)
FN:36,(anonymous_3)
FN:41,(anonymous_4)
FN:60,(anonymous_5)
FN:64,(anonymous_6)
FN:65,(anonymous_7)
FN:74,(anonymous_8)
FN:84,(anonymous_9)
FN:114,(anonymous_10)
FN:125,(anonymous_11)
FN:134,(anonymous_12)
FN:162,(anonymous_13)
FN:175,(anonymous_14)
FN:188,(anonymous_15)
FNF:16
FNH:0
FNDA:0,(anonymous_0)
FNDA:0,(anonymous_1)
FNDA:0,(anonymous_2)
FNDA:0,(anonymous_3)
FNDA:0,(anonymous_4)
FNDA:0,(anonymous_5)
FNDA:0,(anonymous_6)
FNDA:0,(anonymous_7)
FNDA:0,(anonymous_8)
FNDA:0,(anonymous_9)
FNDA:0,(anonymous_10)
FNDA:0,(anonymous_11)
FNDA:0,(anonymous_12)
FNDA:0,(anonymous_13)
FNDA:0,(anonymous_14)
FNDA:0,(anonymous_15)
DA:11,0
DA:20,0
DA:22,0
DA:23,0
DA:25,0
DA:26,0
DA:27,0
DA:29,0
DA:30,0
DA:31,0
DA:32,0
DA:36,0
DA:37,0
DA:38,0
DA:41,0
DA:42,0
DA:43,0
DA:44,0
DA:47,0
DA:49,0
DA:52,0
DA:53,0
DA:54,0
DA:55,0
DA:60,0
DA:61,0
DA:64,0
DA:65,0
DA:66,0
DA:67,0
DA:68,0
DA:70,0
DA:73,0
DA:74,0
DA:75,0
DA:76,0
DA:77,0
DA:83,0
DA:84,0
DA:87,0
DA:115,0
DA:116,0
DA:120,0
DA:125,0
DA:134,0
DA:163,0
DA:164,0
DA:170,0
DA:171,0
DA:175,0
DA:184,0
DA:188,0
LF:52
LH:0
BRDA:30,0,0,0
BRDA:30,0,1,0
BRDA:47,1,0,0
BRDA:47,1,1,0
BRDA:54,2,0,0
BRDA:54,2,1,0
BRDA:66,3,0,0
BRDA:66,3,1,0
BRDA:67,4,0,0
BRDA:67,4,1,0
BRDA:73,5,0,0
BRDA:73,5,1,0
BRDA:75,6,0,0
BRDA:75,6,1,0
BRDA:75,7,0,0
BRDA:75,7,1,0
BRDA:76,8,0,0
BRDA:76,8,1,0
BRDA:117,9,0,0
BRDA:117,9,1,0
BRDA:118,10,0,0
BRDA:118,10,1,0
BRDA:122,11,0,0
BRDA:122,11,1,0
BRDA:127,12,0,0
BRDA:127,12,1,0
BRDA:136,13,0,0
BRDA:136,13,1,0
BRDA:158,14,0,0
BRDA:158,14,1,0
BRDA:165,15,0,0
BRDA:165,15,1,0
BRDA:170,16,0,0
BRDA:170,16,1,0
BRDA:177,17,0,0
BRDA:177,17,1,0
BRDA:190,18,0,0
BRDA:190,18,1,0
BRF:38
BRH:0
end_of_record
TN:
SF:src\components\sections\BlogSection\BlogCard.tsx
FN:10,(anonymous_0)
FNF:1
FNH:0
FNDA:0,(anonymous_0)
DA:10,0
DA:11,0
LF:2
LH:0
BRDA:10,0,0,0
BRF:1
BRH:0
end_of_record
TN:
SF:src\components\sections\BlogSection\BlogsSection.tsx
FN:35,(anonymous_0)
FN:40,(anonymous_1)
FN:41,(anonymous_2)
FN:44,(anonymous_3)
FN:45,(anonymous_4)
FN:68,(anonymous_5)
FNF:6
FNH:0
FNDA:0,(anonymous_0)
FNDA:0,(anonymous_1)
FNDA:0,(anonymous_2)
FNDA:0,(anonymous_3)
FNDA:0,(anonymous_4)
FNDA:0,(anonymous_5)
DA:7,0
DA:35,0
DA:36,0
DA:37,0
DA:38,0
DA:40,0
DA:41,0
DA:44,0
DA:45,0
DA:48,0
DA:69,0
LF:11
LH:0
BRF:0
BRH:0
end_of_record
TN:
SF:src\components\sections\HeroSection\DocumentCard.tsx
FN:20,(anonymous_0)
FNF:1
FNH:0
FNDA:0,(anonymous_0)
DA:14,0
DA:20,0
DA:21,0
LF:3
LH:0
BRDA:20,0,0,0
BRDA:35,1,0,0
BRDA:35,1,1,0
BRDA:39,2,0,0
BRDA:39,2,1,0
BRDA:41,3,0,0
BRDA:41,3,1,0
BRDA:54,4,0,0
BRDA:54,4,1,0
BRDA:76,5,0,0
BRDA:76,5,1,0
BRF:11
BRH:0
end_of_record
TN:
SF:src\components\sections\HeroSection\DocumentScanner.tsx
FN:26,(anonymous_0)
FN:30,(anonymous_1)
FN:31,(anonymous_2)
FN:36,(anonymous_3)
FN:37,(anonymous_4)
FN:40,(anonymous_5)
FN:48,(anonymous_6)
FN:87,(anonymous_7)
FNF:8
FNH:0
FNDA:0,(anonymous_0)
FNDA:0,(anonymous_1)
FNDA:0,(anonymous_2)
FNDA:0,(anonymous_3)
FNDA:0,(anonymous_4)
FNDA:0,(anonymous_5)
FNDA:0,(anonymous_6)
FNDA:0,(anonymous_7)
DA:13,0
DA:20,0
DA:26,0
DA:27,0
DA:28,0
DA:30,0
DA:31,0
DA:32,0
DA:36,0
DA:37,0
DA:40,0
DA:41,0
DA:42,0
DA:48,0
DA:49,0
DA:51,0
DA:52,0
DA:53,0
DA:58,0
DA:60,0
DA:61,0
DA:62,0
DA:65,0
DA:88,0
DA:89,0
DA:91,0
LF:26
LH:0
BRDA:49,0,0,0
BRDA:49,0,1,0
BRDA:51,1,0,0
BRDA:51,1,1,0
BRDA:52,2,0,0
BRDA:52,2,1,0
BRDA:60,3,0,0
BRDA:60,3,1,0
BRDA:61,4,0,0
BRDA:61,4,1,0
BRDA:120,5,0,0
BRDA:120,5,1,0
BRF:12
BRH:0
end_of_record
TN:
SF:src\components\sections\HeroSection\HeroSection.tsx
FN:5,(anonymous_0)
FNF:1
FNH:0
FNDA:0,(anonymous_0)
DA:5,0
DA:6,0
LF:2
LH:0
BRF:0
BRH:0
end_of_record
TN:
SF:src\components\sections\IndustrySection\IndustriesSection.tsx
FN:30,(anonymous_0)
FN:35,(anonymous_1)
FN:36,(anonymous_2)
FN:73,(anonymous_3)
FNF:4
FNH:0
FNDA:0,(anonymous_0)
FNDA:0,(anonymous_1)
FNDA:0,(anonymous_2)
FNDA:0,(anonymous_3)
DA:10,0
DA:12,0
DA:30,0
DA:31,0
DA:32,0
DA:33,0
DA:35,0
DA:36,0
DA:38,0
DA:55,0
DA:73,0
DA:76,0
LF:12
LH:0
BRF:0
BRH:0
end_of_record
TN:
SF:src\components\sections\IndustrySection\IndustryCard.tsx
FN:10,(anonymous_0)
FNF:1
FNH:0
FNDA:0,(anonymous_0)
DA:10,0
DA:11,0
LF:2
LH:0
BRDA:10,0,0,0
BRF:1
BRH:0
end_of_record
TN:
SF:src\components\sections\IndustrySection\IndustryIcons.tsx
FN:1,(anonymous_0)
FN:44,(anonymous_1)
FN:81,(anonymous_2)
FNF:3
FNH:0
FNDA:0,(anonymous_0)
FNDA:0,(anonymous_1)
FNDA:0,(anonymous_2)
DA:1,0
DA:2,0
DA:44,0
DA:45,0
DA:81,0
DA:82,0
LF:6
LH:0
BRF:0
BRH:0
end_of_record
TN:
SF:src\components\sections\ProductSection\ProductCard.tsx
FN:20,(anonymous_0)
FN:32,(anonymous_1)
FN:33,(anonymous_2)
FN:68,(anonymous_3)
FN:90,(anonymous_4)
FN:102,(anonymous_5)
FNF:6
FNH:0
FNDA:0,(anonymous_0)
FNDA:0,(anonymous_1)
FNDA:0,(anonymous_2)
FNDA:0,(anonymous_3)
FNDA:0,(anonymous_4)
FNDA:0,(anonymous_5)
DA:7,0
DA:20,0
DA:29,0
DA:30,0
DA:32,0
DA:33,0
DA:34,0
DA:50,0
DA:68,0
DA:72,0
DA:91,0
DA:103,0
DA:131,0
DA:150,0
LF:14
LH:0
BRDA:27,0,0,0
BRDA:36,1,0,0
BRDA:36,1,1,0
BRDA:52,2,0,0
BRDA:52,2,1,0
BRDA:133,3,0,0
BRDA:133,3,1,0
BRDA:151,4,0,0
BRDA:151,4,1,0
BRDA:152,5,0,0
BRDA:152,5,1,0
BRF:11
BRH:0
end_of_record
TN:
SF:src\components\sections\ProductSection\ProductsSection.tsx
FN:58,(anonymous_0)
FN:69,(anonymous_1)
FNF:2
FNH:0
FNDA:0,(anonymous_0)
FNDA:0,(anonymous_1)
DA:7,0
DA:58,0
DA:59,0
DA:70,0
LF:4
LH:0
BRF:0
BRH:0
end_of_record
TN:
SF:src\hooks\useMobile.ts
FN:5,useIsMobile
FN:8,(anonymous_1)
FN:10,(anonymous_2)
FN:15,(anonymous_3)
FNF:4
FNH:0
FNDA:0,useIsMobile
FNDA:0,(anonymous_1)
FNDA:0,(anonymous_2)
FNDA:0,(anonymous_3)
DA:3,0
DA:6,0
DA:8,0
DA:9,0
DA:10,0
DA:11,0
DA:13,0
DA:14,0
DA:15,0
DA:18,0
LF:10
LH:0
BRF:0
BRH:0
end_of_record
TN:
SF:src\hooks\useTheme.ts
FN:3,(anonymous_0)
FNF:1
FNH:0
FNDA:0,(anonymous_0)
DA:3,0
LF:1
LH:0
BRF:0
BRH:0
end_of_record
TN:
SF:src\pages\About.tsx
FN:49,(anonymous_0)
FN:53,(anonymous_1)
FN:57,(anonymous_2)
FN:58,(anonymous_3)
FN:99,(anonymous_4)
FN:158,(anonymous_5)
FN:168,(anonymous_6)
FN:179,(anonymous_7)
FN:185,(anonymous_8)
FNF:9
FNH:0
FNDA:0,(anonymous_0)
FNDA:0,(anonymous_1)
FNDA:0,(anonymous_2)
FNDA:0,(anonymous_3)
FNDA:0,(anonymous_4)
FNDA:0,(anonymous_5)
FNDA:0,(anonymous_6)
FNDA:0,(anonymous_7)
FNDA:0,(anonymous_8)
DA:7,0
DA:22,0
DA:49,0
DA:50,0
DA:52,0
DA:53,0
DA:57,0
DA:58,0
DA:59,0
DA:60,0
DA:62,0
DA:66,0
DA:100,0
DA:158,0
DA:168,0
DA:180,0
DA:181,0
DA:185,0
LF:18
LH:0
BRDA:59,0,0,0
BRDA:59,0,1,0
BRDA:129,1,0,0
BRDA:129,1,1,0
BRDA:187,2,0,0
BRDA:187,2,1,0
BRF:6
BRH:0
end_of_record
TN:
SF:src\pages\Home.tsx
FN:8,(anonymous_0)
FNF:1
FNH:0
FNDA:0,(anonymous_0)
DA:8,0
DA:9,0
LF:2
LH:0
BRF:0
BRH:0
end_of_record
TN:
SF:src\pages\NotFound.tsx
FN:4,(anonymous_0)
FN:7,(anonymous_1)
FNF:2
FNH:0
FNDA:0,(anonymous_0)
FNDA:0,(anonymous_1)
DA:4,0
DA:5,0
DA:7,0
DA:8,0
DA:11,0
LF:5
LH:0
BRF:0
BRH:0
end_of_record
TN:
SF:src\test-utils\accessibility.tsx
FN:16,(anonymous_0)
FN:21,(anonymous_1)
FN:27,(anonymous_2)
FN:28,(anonymous_3)
FN:38,(anonymous_4)
FNF:5
FNH:0
FNDA:0,(anonymous_0)
FNDA:0,(anonymous_1)
FNDA:0,(anonymous_2)
FNDA:0,(anonymous_3)
FNDA:0,(anonymous_4)
DA:15,0
DA:17,0
DA:18,0
DA:19,0
DA:20,0
DA:21,0
DA:26,0
DA:28,0
DA:29,0
DA:31,0
DA:38,0
DA:42,0
DA:43,0
DA:46,0
DA:49,0
DA:51,0
LF:16
LH:0
BRDA:19,0,0,0
BRDA:19,0,1,0
BRF:2
BRH:0
end_of_record
TN:
SF:src\theme\index.ts
FNF:0
FNH:0
LF:0
LH:0
BRF:0
BRH:0
end_of_record
TN:
SF:src\theme\theme.ts
FNF:0
FNH:0
DA:1,0
LF:1
LH:0
BRF:0
BRH:0
end_of_record
